
xv6 kernel is booting

hart 2 starting
hart 1 starting
init: starting sh
$ pingpong 10 & ; pingpong 10 & ; pingpong 20 ; echo DONE
ping
 p i n pgo
 ng 
p i  n g 
 pppoinngg
on
 g
 p    ipnogn 
g p
op n g 
i npgo
ng p i n gp
on
pi g 
   pnogn
g 
 p   i n gp
onppgo
ng 
 i   npgo
  n ppgo
in gn
g
     p o pnog n
g 
   p p i nogn
gp
ongp
 i n g 
popnpgi
ngi
 n g 
p piinngg

p p i o nngg

p        ppoonnogn
gg

 p       ppoonngg

i np i n gp
ongp
inpgi
ngg

 p i n g  p o 
pnpgi
onn g 
 g  p o 
 npgi
npgo
ngp
i p n g 
pipoinngg

n g 
  ppionngg

ppiinngg

  p i npgo
ngp
inpg
in g 
  ppiongn
g
p i ng 
 ppoinngg

ping
    pong
ping
    pong
ping
    pong
    pong
    pong
    pong
    pong
DONE
$ qemu-system-riscv64: terminating on signal 15 from pid 77514 (make)
